C:\USERS\Администратор\DOCUMENTS\VISUAL STUDIO 2012\PROJECTS\WAKISPAM_CPP\WAKISPAM_CPP\DEBUG\MAIN.OBJ
C:\USERS\АДМИНИСТРАТОР\DOCUMENTS\VISUAL STUDIO 2012\PROJECTS\WAKISPAM_CPP\WAKISPAM_CPP\DEBUG\VC110.PDB
C:\USERS\Администратор\DOCUMENTS\VISUAL STUDIO 2012\PROJECTS\WAKISPAM_CPP\DEBUG\WAKISPAM_CPP.ILK
C:\USERS\Администратор\DOCUMENTS\VISUAL STUDIO 2012\PROJECTS\WAKISPAM_CPP\DEBUG\WAKISPAM_CPP.EXE
C:\USERS\АДМИНИСТРАТОР\DOCUMENTS\VISUAL STUDIO 2012\PROJECTS\WAKISPAM_CPP\DEBUG\WAKISPAM_CPP.PDB
C:\Users\Администратор\documents\visual studio 2012\Projects\WakiSpam_CPP\WakiSpam_CPP\Debug\WakiSpam_CPP.main.resources
C:\Users\Администратор\Documents\Visual Studio 2012\Projects\WakiSpam_CPP\WakiSpam_CPP\Debug\WakiSpam_CPP.vcxproj.GenerateResource.Cache
C:\Users\Администратор\Documents\Visual Studio 2012\Projects\WakiSpam_CPP\WakiSpam_CPP\Debug\WakiSpam_CPP.vcxprojResolveAssemblyReference.cache
C:\Users\Администратор\Documents\Visual Studio 2012\Projects\WakiSpam_CPP\WakiSpam_CPP\Debug\main.obj
C:\Users\Администратор\Documents\Visual Studio 2012\Projects\WakiSpam_CPP\WakiSpam_CPP\Debug\WakiSpam_CPP.main.resources
C:\Users\Администратор\Documents\Visual Studio 2012\Projects\WakiSpam_CPP\WakiSpam_CPP\Debug\cl.command.1.tlog
C:\Users\Администратор\Documents\Visual Studio 2012\Projects\WakiSpam_CPP\WakiSpam_CPP\Debug\CL.read.1.tlog
C:\Users\Администратор\Documents\Visual Studio 2012\Projects\WakiSpam_CPP\WakiSpam_CPP\Debug\CL.write.1.tlog
C:\Users\Администратор\Documents\Visual Studio 2012\Projects\WakiSpam_CPP\WakiSpam_CPP\Debug\link.1584-cvtres.read.1.tlog
C:\Users\Администратор\Documents\Visual Studio 2012\Projects\WakiSpam_CPP\WakiSpam_CPP\Debug\link.1584-cvtres.write.1.tlog
C:\Users\Администратор\Documents\Visual Studio 2012\Projects\WakiSpam_CPP\WakiSpam_CPP\Debug\link.1584-rc.read.1.tlog
C:\Users\Администратор\Documents\Visual Studio 2012\Projects\WakiSpam_CPP\WakiSpam_CPP\Debug\link.1584-rc.write.1.tlog
C:\Users\Администратор\Documents\Visual Studio 2012\Projects\WakiSpam_CPP\WakiSpam_CPP\Debug\link.1584.read.1.tlog
C:\Users\Администратор\Documents\Visual Studio 2012\Projects\WakiSpam_CPP\WakiSpam_CPP\Debug\link.1584.write.1.tlog
C:\Users\Администратор\Documents\Visual Studio 2012\Projects\WakiSpam_CPP\WakiSpam_CPP\Debug\link.command.1.tlog
C:\Users\Администратор\Documents\Visual Studio 2012\Projects\WakiSpam_CPP\WakiSpam_CPP\Debug\link.read.1.tlog
C:\Users\Администратор\Documents\Visual Studio 2012\Projects\WakiSpam_CPP\WakiSpam_CPP\Debug\link.write.1.tlog
C:\Users\Администратор\Documents\Visual Studio 2012\Projects\WakiSpam_CPP\WakiSpam_CPP\Debug\metagen.read.1.tlog
C:\Users\Администратор\Documents\Visual Studio 2012\Projects\WakiSpam_CPP\WakiSpam_CPP\Debug\metagen.write.1.tlog
C:\Users\Администратор\Documents\Visual Studio 2012\Projects\WakiSpam_CPP\WakiSpam_CPP\Debug\WakiSpam_CPP.write.1.tlog
C:\Users\Администратор\Documents\Visual Studio 2012\Projects\WakiSpam_CPP\WakiSpam_CPP\Debug\vc110.pdb
C:\Users\Администратор\Documents\Visual Studio 2012\Projects\WakiSpam_CPP\WakiSpam_CPP\Debug\RSAENH.DLL.bi
C:\Users\Администратор\Documents\Visual Studio 2012\Projects\WakiSpam_CPP\WakiSpam_CPP\Debug\TZRES.DLL.bi
C:\Users\Администратор\Documents\Visual Studio 2012\Projects\WakiSpam_CPP\Debug\WakiSpam_CPP.pdb
C:\Users\Администратор\Documents\Visual Studio 2012\Projects\WakiSpam_CPP\Debug\WakiSpam_CPP.exe
C:\Users\Администратор\Documents\Visual Studio 2012\Projects\WakiSpam_CPP\Debug\WakiSpam_CPP.ilk
